[ERROR] 2019-05-27 15:04:08.096 LoginForm - Couldn't get connection to database
[TRACE] 2019-05-27 15:04:08.096 LoginForm - Application closed with exit code 1
[ERROR] 2019-05-27 16:21:27.483 LoginForm - Couldn't get connection to database
[TRACE] 2019-05-27 16:21:27.530 LoginForm - Application closed with exit code 1
[TRACE] 2019-05-27 16:22:04.905 DBConnection - Connection parameters loaded properly
[TRACE] 2019-05-27 16:22:04.905 LoginForm - Connected to Database
[TRACE] 2019-05-27 16:22:14.436 LoginForm - Application closed with exit code 0
[TRACE] 2019-05-27 16:29:18.979 DBConnection - Connection parameters loaded properly
[TRACE] 2019-05-27 16:29:18.979 LoginForm - Connected to Database
[TRACE] 2019-05-27 16:30:29.193 LoginForm - Application closed with exit code 0
[TRACE] 2019-05-27 16:42:04.150 DBConnection - Connection parameters loaded properly
[TRACE] 2019-05-27 16:42:04.150 LoginForm - Connected to Database
[TRACE] 2019-05-27 16:42:17.181 LoginForm - User admin logged
[TRACE] 2019-05-27 17:57:32.070 MainWindow - Application closed with exit code 0
[TRACE] 2019-05-29 05:51:46.709 DBConnection - Connection parameters loaded properly
[TRACE] 2019-05-29 05:51:46.745 LoginForm - Connected to Database
[WARN ] 2019-05-29 05:57:58.927 LoginForm - Incorrect password provided when attempting to login as: admin
[TRACE] 2019-05-29 06:36:40.032 LoginForm - User admin logged
[TRACE] 2019-05-29 06:43:36.338 MainWindow - admin logged out
[TRACE] 2019-05-29 06:43:36.455 LoginForm - Connected to Database
[TRACE] 2019-05-29 07:06:07.887 LoginForm - Created new user Uzytkownik
[TRACE] 2019-05-29 07:11:14.598 LoginForm - Application closed with exit code 0
[TRACE] 2019-06-05 14:59:20.288 DBConnection - Connection parameters loaded properly
[TRACE] 2019-06-05 14:59:20.319 LoginForm - Connected to Database
[TRACE] 2019-06-05 14:59:39.677 LoginForm - User admin logged
[TRACE] 2019-06-05 14:59:54.926 UserDetails - Admin admin changed admin functions to: (author, admin)
[TRACE] 2019-06-05 15:12:44.326 MainWindow - admin logged out
[TRACE] 2019-06-05 15:12:44.451 LoginForm - Connected to Database
[TRACE] 2019-06-05 15:14:05.807 LoginForm - User admin logged
[TRACE] 2019-06-05 15:14:57.233 MainWindow - Application closed with exit code 0
[TRACE] 2019-06-05 15:15:14.830 DBConnection - Connection parameters loaded properly
[TRACE] 2019-06-05 15:15:14.845 LoginForm - Connected to Database
[TRACE] 2019-06-05 15:15:24.798 LoginForm - User admin logged
[TRACE] 2019-06-05 15:17:23.653 UserDetails - Admin admin changed autor2 functions to: (reviewer, redactor)
[TRACE] 2019-06-05 15:17:33.294 UserDetails - Admin admin changed autor2 functions to: (author)
[TRACE] 2019-06-05 15:17:46.578 UserDetails - Admin admin changed admin functions to: (reviewer, redactor, admin)
[TRACE] 2019-06-05 15:17:59.727 UserDetails - Admin admin changed admin functions to: (admin)
[TRACE] 2019-06-05 15:18:27.432 MainWindow - admin logged out
[TRACE] 2019-06-05 15:18:27.541 LoginForm - Connected to Database
[TRACE] 2019-06-05 15:18:31.130 LoginForm - Application closed with exit code 0
[TRACE] 2019-06-06 16:12:34.916 DBConnection - Connection parameters loaded properly
[TRACE] 2019-06-06 16:12:34.932 LoginForm - Connected to Database
[WARN ] 2019-06-06 16:12:51.114 LoginForm - Incorrect email provided when attempting to login: admin
[WARN ] 2019-06-06 16:13:10.575 LoginForm - Incorrect email provided when attempting to login: admin
[TRACE] 2019-06-06 16:13:13.214 LoginForm - Application closed with exit code 0
[TRACE] 2019-06-06 16:34:31.351 DBConnection - Connection parameters loaded properly
[TRACE] 2019-06-06 16:34:31.365 LoginForm - Connected to Database
[TRACE] 2019-06-06 16:34:43.486 LoginForm - User admin logged
[TRACE] 2019-06-06 16:35:12.545 MainWindow - admin logged out
[TRACE] 2019-06-06 16:35:12.664 LoginForm - Connected to Database
[TRACE] 2019-06-06 16:35:14.871 LoginForm - Application closed with exit code 0
[TRACE] 2019-06-06 16:36:15.672 DBConnection - Connection parameters loaded properly
[TRACE] 2019-06-06 16:36:15.677 LoginForm - Connected to Database
[TRACE] 2019-06-06 16:36:30.242 LoginForm - User admin logged
[TRACE] 2019-06-06 16:36:53.626 MainWindow - admin logged out
[TRACE] 2019-06-06 16:36:53.754 LoginForm - Connected to Database
[TRACE] 2019-06-06 16:37:04.263 LoginForm - Application closed with exit code 0
[TRACE] 2019-06-06 16:37:18.880 DBConnection - Connection parameters loaded properly
[TRACE] 2019-06-06 16:37:18.887 LoginForm - Connected to Database
[WARN ] 2019-06-06 16:37:36.140 LoginForm - Incorrect password provided when attempting to login as: autor1
[WARN ] 2019-06-06 16:37:44.243 LoginForm - Incorrect password provided when attempting to login as: autor1
[WARN ] 2019-06-06 16:37:56.350 LoginForm - Incorrect password provided when attempting to login as: autor1
[TRACE] 2019-06-06 16:39:09.685 LoginForm - User autor1 logged
[TRACE] 2019-06-06 16:39:14.997 MainWindow - autor1 logged out
[TRACE] 2019-06-06 16:39:15.112 LoginForm - Connected to Database
[TRACE] 2019-06-06 16:39:19.263 LoginForm - Application closed with exit code 0
[TRACE] 2019-06-06 16:41:12.625 DBConnection - Connection parameters loaded properly
[TRACE] 2019-06-06 16:41:12.630 LoginForm - Connected to Database
[TRACE] 2019-06-06 16:41:25.881 LoginForm - User admin logged
[TRACE] 2019-06-06 16:41:39.558 MainWindow - Application closed with exit code 0
[TRACE] 2019-06-06 16:45:09.975 DBConnection - Connection parameters loaded properly
[TRACE] 2019-06-06 16:45:09.980 LoginForm - Connected to Database
[TRACE] 2019-06-06 16:45:18.582 LoginForm - User admin logged
[TRACE] 2019-06-06 16:45:27.763 MainWindow - Application closed with exit code 0
[TRACE] 2019-06-06 16:47:20.684 DBConnection - Connection parameters loaded properly
[TRACE] 2019-06-06 16:47:20.690 LoginForm - Connected to Database
[TRACE] 2019-06-06 16:47:38.843 LoginForm - User admin logged
[TRACE] 2019-06-06 16:47:55.878 MainWindow - Application closed with exit code 0
[TRACE] 2019-06-06 16:50:44.892 DBConnection - Connection parameters loaded properly
[TRACE] 2019-06-06 16:50:44.900 LoginForm - Connected to Database
[TRACE] 2019-06-06 16:50:51.540 LoginForm - User admin logged
[TRACE] 2019-06-06 16:52:57.359 MainWindow - Application closed with exit code 0
[TRACE] 2019-06-06 16:53:54.326 DBConnection - Connection parameters loaded properly
[TRACE] 2019-06-06 16:53:54.330 LoginForm - Connected to Database
[TRACE] 2019-06-06 16:53:55.629 LoginForm - Application closed with exit code 0
[TRACE] 2019-06-06 16:54:23.240 DBConnection - Connection parameters loaded properly
[TRACE] 2019-06-06 16:54:23.245 LoginForm - Connected to Database
[TRACE] 2019-06-06 16:54:30.956 LoginForm - User admin logged
[TRACE] 2019-06-06 16:56:12.094 MainWindow - Application closed with exit code 0
[TRACE] 2019-06-06 17:08:30.531 DBConnection - Connection parameters loaded properly
[TRACE] 2019-06-06 17:08:30.548 LoginForm - Connected to Database
[TRACE] 2019-06-06 17:08:38.169 LoginForm - User admin logged
[TRACE] 2019-06-06 17:08:49.327 MainWindow - Application closed with exit code 0
[TRACE] 2019-06-06 17:14:38.078 DBConnection - Connection parameters loaded properly
[TRACE] 2019-06-06 17:14:38.081 LoginForm - Connected to Database
[TRACE] 2019-06-06 17:14:47.733 LoginForm - User admin logged
[TRACE] 2019-06-06 17:14:52.069 MainWindow - Application closed with exit code 0
[TRACE] 2019-06-06 17:17:55.441 DBConnection - Connection parameters loaded properly
[TRACE] 2019-06-06 17:17:55.446 LoginForm - Connected to Database
[TRACE] 2019-06-06 17:18:10.769 LoginForm - User admin logged
[TRACE] 2019-06-06 17:18:11.308 LoginForm - User admin logged
[TRACE] 2019-06-06 17:18:19.828 MainWindow - Application closed with exit code 0
[TRACE] 2019-06-07 10:33:02.009 DBConnection - Connection parameters loaded properly
[TRACE] 2019-06-07 10:33:02.024 LoginForm - Connected to Database
[TRACE] 2019-06-07 10:33:34.115 LoginForm - User admin logged
[TRACE] 2019-06-07 10:33:58.447 MainWindow - Application closed with exit code 0
[TRACE] 2019-06-07 15:45:58.767 DBConnection - Connection parameters loaded properly
[TRACE] 2019-06-07 15:45:58.800 LoginForm - Connected to Database
[TRACE] 2019-06-07 15:46:11.081 LoginForm - User admin logged
[TRACE] 2019-06-07 15:46:25.490 MainWindow - Application closed with exit code 0
[TRACE] 2019-06-07 15:48:03.971 DBConnection - Connection parameters loaded properly
[TRACE] 2019-06-07 15:48:03.976 LoginForm - Connected to Database
[TRACE] 2019-06-07 15:48:13.665 LoginForm - User admin logged
[TRACE] 2019-06-07 15:48:32.459 MainWindow - Application closed with exit code 0
[TRACE] 2019-06-07 15:49:13.755 DBConnection - Connection parameters loaded properly
[TRACE] 2019-06-07 15:49:13.759 LoginForm - Connected to Database
[TRACE] 2019-06-07 15:49:19.214 LoginForm - Application closed with exit code 0
[TRACE] 2019-06-07 16:29:15.759 DBConnection - Connection parameters loaded properly
[TRACE] 2019-06-07 16:29:15.774 LoginForm - Connected to Database
[TRACE] 2019-06-07 16:29:31.860 LoginForm - User admin logged
[TRACE] 2019-06-07 16:29:48.701 MainWindow - Application closed with exit code 0
[TRACE] 2019-06-07 16:30:13.028 DBConnection - Connection parameters loaded properly
[TRACE] 2019-06-07 16:30:13.033 LoginForm - Connected to Database
[TRACE] 2019-06-07 16:30:30.110 LoginForm - User admin logged
[TRACE] 2019-06-07 16:30:38.009 MainWindow - Application closed with exit code 0
[TRACE] 2019-06-08 14:53:10.909 DBConnection - Connection parameters loaded properly
[TRACE] 2019-06-08 14:53:10.940 LoginForm - Connected to Database
[TRACE] 2019-06-08 14:53:20.148 LoginForm - User admin logged
[TRACE] 2019-06-08 14:54:11.204 MainWindow - Application closed with exit code 0
[TRACE] 2019-06-08 14:54:50.285 DBConnection - Connection parameters loaded properly
[TRACE] 2019-06-08 14:54:50.285 LoginForm - Connected to Database
[TRACE] 2019-06-08 14:55:03.000 LoginForm - User admin logged
[TRACE] 2019-06-08 14:55:16.238 MainWindow - Application closed with exit code 0
[TRACE] 2019-06-08 14:55:34.061 DBConnection - Connection parameters loaded properly
[TRACE] 2019-06-08 14:55:34.064 LoginForm - Connected to Database
[TRACE] 2019-06-08 14:55:46.173 LoginForm - User admin logged
[TRACE] 2019-06-08 14:55:54.548 MainWindow - Application closed with exit code 0
[TRACE] 2019-06-08 14:56:28.203 DBConnection - Connection parameters loaded properly
[TRACE] 2019-06-08 14:56:28.208 LoginForm - Connected to Database
[TRACE] 2019-06-08 14:56:40.020 LoginForm - Application closed with exit code 0
[TRACE] 2019-06-08 15:03:09.101 DBConnection - Connection parameters loaded properly
[TRACE] 2019-06-08 15:03:09.106 LoginForm - Connected to Database
[TRACE] 2019-06-08 15:03:18.048 LoginForm - User admin logged
[TRACE] 2019-06-08 15:03:28.973 MainWindow - Application closed with exit code 0
[TRACE] 2019-06-08 15:04:16.922 DBConnection - Connection parameters loaded properly
[TRACE] 2019-06-08 15:04:16.928 LoginForm - Connected to Database
[TRACE] 2019-06-08 15:04:26.095 LoginForm - User admin logged
[TRACE] 2019-06-08 15:04:41.610 MainWindow - Application closed with exit code 0
[TRACE] 2019-06-08 16:09:54.445 DBConnection - Connection parameters loaded properly
[TRACE] 2019-06-08 16:09:54.461 LoginForm - Connected to Database
[TRACE] 2019-06-08 16:10:00.415 LoginForm - Application closed with exit code 0
[TRACE] 2019-06-08 16:12:37.903 DBConnection - Connection parameters loaded properly
[TRACE] 2019-06-08 16:12:37.903 LoginForm - Connected to Database
[TRACE] 2019-06-08 16:12:53.303 LoginForm - Application closed with exit code 0
[TRACE] 2019-06-08 16:13:22.762 DBConnection - Connection parameters loaded properly
[TRACE] 2019-06-08 16:13:22.766 LoginForm - Connected to Database
[TRACE] 2019-06-08 16:13:32.171 LoginForm - User admin logged
[TRACE] 2019-06-08 16:13:40.393 MainWindow - Application closed with exit code 0
[TRACE] 2019-06-08 16:14:42.255 DBConnection - Connection parameters loaded properly
[TRACE] 2019-06-08 16:14:42.255 LoginForm - Connected to Database
[TRACE] 2019-06-08 16:14:52.323 LoginForm - User admin logged
[TRACE] 2019-06-08 16:15:01.937 MainWindow - Application closed with exit code 0
[TRACE] 2019-06-08 16:16:21.984 DBConnection - Connection parameters loaded properly
[TRACE] 2019-06-08 16:16:21.984 LoginForm - Connected to Database
[TRACE] 2019-06-08 16:16:39.244 LoginForm - User admin logged
[TRACE] 2019-06-08 16:16:46.818 MainWindow - Application closed with exit code 0
[TRACE] 2019-06-08 16:50:02.730 DBConnection - Connection parameters loaded properly
[TRACE] 2019-06-08 16:50:02.745 LoginForm - Connected to Database
[TRACE] 2019-06-08 16:50:20.530 LoginForm - User admin logged
[TRACE] 2019-06-08 16:50:29.406 MainWindow - admin logged out
[TRACE] 2019-06-08 16:50:29.531 LoginForm - Connected to Database
[WARN ] 2019-06-08 16:50:50.473 LoginForm - Incorrect email provided when attempting to login: author1
[TRACE] 2019-06-08 16:50:53.647 LoginForm - User autor1 logged
[TRACE] 2019-06-08 16:51:03.905 MainWindow - autor1 logged out
[TRACE] 2019-06-08 16:51:04.030 LoginForm - Connected to Database
[TRACE] 2019-06-08 16:51:39.952 LoginForm - User autor1 logged
[TRACE] 2019-06-08 16:54:08.204 MainWindow - autor1 logged out
[TRACE] 2019-06-08 16:54:08.298 LoginForm - Connected to Database
[TRACE] 2019-06-08 16:54:10.953 LoginForm - Application closed with exit code 0
[TRACE] 2019-06-08 16:55:31.549 DBConnection - Connection parameters loaded properly
[TRACE] 2019-06-08 16:55:31.549 LoginForm - Connected to Database
[TRACE] 2019-06-08 16:55:45.341 LoginForm - User autor1 logged
[TRACE] 2019-06-08 16:56:00.875 MainWindow - autor1 logged out
[TRACE] 2019-06-08 16:56:01.000 LoginForm - Connected to Database
[TRACE] 2019-06-08 16:56:03.762 LoginForm - Application closed with exit code 0
[TRACE] 2019-06-08 16:57:08.003 DBConnection - Connection parameters loaded properly
[TRACE] 2019-06-08 16:57:08.003 LoginForm - Connected to Database
[TRACE] 2019-06-08 16:57:28.117 LoginForm - User autor1 logged
[TRACE] 2019-06-08 16:57:36.573 MainWindow - autor1 logged out
[TRACE] 2019-06-08 16:57:36.704 LoginForm - Connected to Database
[TRACE] 2019-06-08 16:57:39.907 LoginForm - Application closed with exit code 0
[TRACE] 2019-06-08 17:00:27.666 DBConnection - Connection parameters loaded properly
[TRACE] 2019-06-08 17:00:27.669 LoginForm - Connected to Database
[TRACE] 2019-06-08 17:02:22.924 LoginForm - Application closed with exit code 0
[TRACE] 2019-06-08 17:02:35.530 DBConnection - Connection parameters loaded properly
[TRACE] 2019-06-08 17:02:35.530 LoginForm - Connected to Database
[TRACE] 2019-06-08 17:03:35.544 LoginForm - User reviewer1 logged
[TRACE] 2019-06-08 17:03:42.119 MainWindow - reviewer1 logged out
[TRACE] 2019-06-08 17:03:42.275 LoginForm - Connected to Database
[TRACE] 2019-06-08 17:03:55.288 LoginForm - User reviewer2 logged
[TRACE] 2019-06-08 17:04:00.469 MainWindow - reviewer2 logged out
[TRACE] 2019-06-08 17:04:00.597 LoginForm - Connected to Database
[TRACE] 2019-06-08 17:04:03.267 LoginForm - Application closed with exit code 0
